<?xml version="1.0" encoding="UTF-8"?>
<!-- Generated by org.testng.reporters.JUnitXMLReporter -->
<testsuite ignored="0" hostname="iTD-388" failures="0" tests="3" name="Default test" time="39.215" errors="0" timestamp="04 Jan 2023 11:00:58 GMT">
  <testcase classname="ama.testScripts.All_BestSellers" name="bestsellers" time="12.731"/>
  <testcase classname="ama.testScripts.All_BestSellers" name="Alldept" time="5.492"/>
  <testcase classname="ama.testScripts.All_BestSellers" name="Electronics" time="17.045"/>
</testsuite> <!-- Default test -->
