<?xml version="1.0" encoding="UTF-8"?>
<!-- Generated by org.testng.reporters.JUnitXMLReporter -->
<testsuite ignored="2" hostname="iTD-388" failures="0" tests="5" name="ama.testScripts" time="24.474" errors="0" timestamp="04 Jan 2023 10:16:17 GMT">
  <testcase classname="ama.config.BaseClass" name="@BeforeClass launchbrowser" time="0.001">
    <failure type="java.lang.NullPointerException" message="Cannot invoke &amp;quot;ama.Utils.Config.getURL()&amp;quot; because &amp;quot;this.config&amp;quot; is null">
      <![CDATA[java.lang.NullPointerException: Cannot invoke "ama.Utils.Config.getURL()" because "this.config" is null
at ama.config.BaseClass.launchbrowser(BaseClass.java:57)
... Removed 26 stack frames]]>
    </failure>
  </testcase> <!-- @BeforeClass launchbrowser -->
  <testcase classname="ama.config.BaseClass" name="@BeforeMethod MethodName" time="0.0">
    <skipped/>
  </testcase> <!-- @BeforeMethod MethodName -->
  <testcase classname="ama.config.BaseClass" name="@BeforeMethod MethodName" time="0.0">
    <skipped/>
  </testcase> <!-- @BeforeMethod MethodName -->
  <testcase classname="ama.config.BaseClass" name="@BeforeMethod MethodName" time="0.0">
    <skipped/>
  </testcase> <!-- @BeforeMethod MethodName -->
  <testcase classname="ama.config.BaseClass" name="@AfterClass quitbrowser" time="0.0">
    <skipped/>
  </testcase> <!-- @AfterClass quitbrowser -->
  <testcase classname="ama.testScripts.All_Grid" name="AllGrid" time="11.351"/>
  <testcase classname="ama.testScripts.All_BestSellers" name="bestsellers" time="0.0">
    <skipped/>
  </testcase> <!-- bestsellers -->
  <testcase classname="ama.testScripts.All_Grid" name="Mensfashion" time="6.217"/>
  <testcase classname="ama.testScripts.All_BestSellers" name="Alldept" time="0.0">
    <skipped/>
  </testcase> <!-- Alldept -->
  <testcase classname="ama.testScripts.All_BestSellers" name="Electronics" time="0.0">
    <skipped/>
  </testcase> <!-- Electronics -->
  <testcase classname="ama.config.BaseClass" name="@BeforeSuite setupsuiteinput" time="0.0">
    <ignored/>
  </testcase> <!-- @BeforeSuite setupsuiteinput -->
  <testcase classname="ama.config.BaseClass" name="@BeforeTest report" time="0.0">
    <ignored/>
  </testcase> <!-- @BeforeTest report -->
</testsuite> <!-- ama.testScripts -->
