<?xml version="1.0" encoding="UTF-8"?>
<!-- Generated by org.testng.reporters.JUnitXMLReporter -->
<testsuite ignored="1" hostname="iTD-388" failures="0" tests="5" name="Coveo" time="57.887" errors="0" timestamp="04 Jan 2023 12:06:56 GMT">
  <testcase classname="ama.config.BaseClass" name="@AfterClass quitbrowser" time="0.163">
    <failure type="java.lang.NullPointerException" message="Cannot invoke &amp;quot;com.aventstack.extentreports.ExtentReports.flush()&amp;quot; because &amp;quot;ama.config.BaseClass.extents&amp;quot; is null">
      <![CDATA[java.lang.NullPointerException: Cannot invoke "com.aventstack.extentreports.ExtentReports.flush()" because "ama.config.BaseClass.extents" is null
at ama.config.BaseClass.quitbrowser(BaseClass.java:63)
... Removed 26 stack frames]]>
    </failure>
  </testcase> <!-- @AfterClass quitbrowser -->
  <testcase classname="ama.config.BaseClass" name="@AfterClass quitbrowser" time="0.184">
    <failure type="java.lang.NullPointerException" message="Cannot invoke &amp;quot;com.aventstack.extentreports.ExtentReports.flush()&amp;quot; because &amp;quot;ama.config.BaseClass.extents&amp;quot; is null">
      <![CDATA[java.lang.NullPointerException: Cannot invoke "com.aventstack.extentreports.ExtentReports.flush()" because "ama.config.BaseClass.extents" is null
at ama.config.BaseClass.quitbrowser(BaseClass.java:63)
... Removed 26 stack frames]]>
    </failure>
  </testcase> <!-- @AfterClass quitbrowser -->
  <testcase classname="ama.testScripts.All_Grid" name="AllGrid" time="9.045"/>
  <testcase classname="ama.testScripts.All_Grid" name="Mensfashion" time="6.241"/>
  <testcase classname="ama.testScripts.All_BestSellers" name="bestsellers" time="16.813"/>
  <testcase classname="ama.testScripts.All_BestSellers" name="Alldept" time="5.521"/>
  <testcase classname="ama.testScripts.All_BestSellers" name="Electronics" time="17.485"/>
  <testcase classname="ama.config.BaseClass" name="@BeforeSuite setupsuiteinput" time="0.0">
    <ignored/>
  </testcase> <!-- @BeforeSuite setupsuiteinput -->
</testsuite> <!-- Coveo -->
